2025-01-15T16:58:36.869+07:00  INFO 8348 --- [account-service] [main] o.d.a.AccountServiceApplication          : Starting AccountServiceApplication using Java 21.0.5 with PID 8348 (D:\java\Springboot\BankAccountManagementSystem\AccountService\target\classes started by PC in D:\java\Springboot\BankAccountManagementSystem)
2025-01-15T16:58:36.877+07:00  INFO 8348 --- [account-service] [main] o.d.a.AccountServiceApplication          : No active profile set, falling back to 1 default profile: "default"
2025-01-15T16:58:37.702+07:00  INFO 8348 --- [account-service] [main] o.s.b.w.embedded.tomcat.TomcatWebServer  : Tomcat initialized with port 8081 (http)
2025-01-15T16:58:37.712+07:00  INFO 8348 --- [account-service] [main] o.apache.catalina.core.StandardService   : Starting service [Tomcat]
2025-01-15T16:58:37.713+07:00  INFO 8348 --- [account-service] [main] o.apache.catalina.core.StandardEngine    : Starting Servlet engine: [Apache Tomcat/10.1.34]
2025-01-15T16:58:37.754+07:00  INFO 8348 --- [account-service] [main] o.a.c.c.C.[Tomcat].[localhost].[/]       : Initializing Spring embedded WebApplicationContext
2025-01-15T16:58:37.755+07:00  INFO 8348 --- [account-service] [main] w.s.c.ServletWebServerApplicationContext : Root WebApplicationContext: initialization completed in 835 ms
2025-01-15T16:58:37.784+07:00 DEBUG 8348 --- [account-service] [main] o.d.a.config.CustomRequestLoggingFilter  : Filter 'customRequestLoggingFilter' configured for use
2025-01-15T16:58:38.035+07:00  INFO 8348 --- [account-service] [main] o.s.b.w.embedded.tomcat.TomcatWebServer  : Tomcat started on port 8081 (http) with context path '/'
2025-01-15T16:58:38.040+07:00  INFO 8348 --- [account-service] [main] o.d.a.AccountServiceApplication          : Started AccountServiceApplication in 1.705 seconds (process running for 2.497)
2025-01-15T16:58:45.108+07:00  INFO 8348 --- [account-service] [SpringApplicationShutdownHook] o.s.b.w.e.tomcat.GracefulShutdown        : Commencing graceful shutdown. Waiting for active requests to complete
2025-01-15T16:58:45.120+07:00  INFO 8348 --- [account-service] [tomcat-shutdown] o.s.b.w.e.tomcat.GracefulShutdown        : Graceful shutdown complete
2025-01-15T16:59:15.779+07:00  INFO 7428 --- [account-service] [main] o.d.a.AccountServiceApplication          : Starting AccountServiceApplication using Java 21.0.5 with PID 7428 (D:\java\Springboot\BankAccountManagementSystem\AccountService\target\classes started by PC in D:\java\Springboot\BankAccountManagementSystem)
2025-01-15T16:59:15.780+07:00  INFO 7428 --- [account-service] [main] o.d.a.AccountServiceApplication          : No active profile set, falling back to 1 default profile: "default"
2025-01-15T16:59:16.477+07:00  INFO 7428 --- [account-service] [main] o.s.b.w.embedded.tomcat.TomcatWebServer  : Tomcat initialized with port 8081 (http)
2025-01-15T16:59:16.494+07:00  INFO 7428 --- [account-service] [main] o.apache.catalina.core.StandardService   : Starting service [Tomcat]
2025-01-15T16:59:16.494+07:00  INFO 7428 --- [account-service] [main] o.apache.catalina.core.StandardEngine    : Starting Servlet engine: [Apache Tomcat/10.1.34]
2025-01-15T16:59:16.526+07:00  INFO 7428 --- [account-service] [main] o.a.c.c.C.[Tomcat].[localhost].[/]       : Initializing Spring embedded WebApplicationContext
2025-01-15T16:59:16.527+07:00  INFO 7428 --- [account-service] [main] w.s.c.ServletWebServerApplicationContext : Root WebApplicationContext: initialization completed in 714 ms
2025-01-15T16:59:16.554+07:00 DEBUG 7428 --- [account-service] [main] o.d.a.config.CustomRequestLoggingFilter  : Filter 'customRequestLoggingFilter' configured for use
2025-01-15T16:59:16.860+07:00  INFO 7428 --- [account-service] [main] o.s.b.w.embedded.tomcat.TomcatWebServer  : Tomcat started on port 8081 (http) with context path '/'
2025-01-15T16:59:16.866+07:00  INFO 7428 --- [account-service] [main] o.d.a.AccountServiceApplication          : Started AccountServiceApplication in 1.437 seconds (process running for 3.704)
2025-01-15T16:59:16.868+07:00  INFO 7428 --- [account-service] [SpringApplicationShutdownHook] o.s.b.w.e.tomcat.GracefulShutdown        : Commencing graceful shutdown. Waiting for active requests to complete
2025-01-15T16:59:16.882+07:00  INFO 7428 --- [account-service] [tomcat-shutdown] o.s.b.w.e.tomcat.GracefulShutdown        : Graceful shutdown complete
2025-01-15T17:00:19.571+07:00  INFO 22704 --- [account-service] [main] o.d.a.AccountServiceApplication          : Starting AccountServiceApplication using Java 21.0.5 with PID 22704 (D:\java\Springboot\BankAccountManagementSystem\AccountService\target\classes started by PC in D:\java\Springboot\BankAccountManagementSystem)
2025-01-15T17:00:19.575+07:00  INFO 22704 --- [account-service] [main] o.d.a.AccountServiceApplication          : No active profile set, falling back to 1 default profile: "default"
2025-01-15T17:00:20.484+07:00  INFO 22704 --- [account-service] [main] o.s.b.w.embedded.tomcat.TomcatWebServer  : Tomcat initialized with port 8081 (http)
2025-01-15T17:00:20.538+07:00  INFO 22704 --- [account-service] [main] w.s.c.ServletWebServerApplicationContext : Root WebApplicationContext: initialization completed in 906 ms
2025-01-15T17:00:20.575+07:00 DEBUG 22704 --- [account-service] [main] o.d.a.config.CustomRequestLoggingFilter  : Filter 'customRequestLoggingFilter' configured for use
2025-01-15T17:00:20.841+07:00  INFO 22704 --- [account-service] [main] o.s.b.w.embedded.tomcat.TomcatWebServer  : Tomcat started on port 8081 (http) with context path '/'
2025-01-15T17:00:20.847+07:00  INFO 22704 --- [account-service] [main] o.d.a.AccountServiceApplication          : Started AccountServiceApplication in 1.932 seconds (process running for 2.806)
2025-01-15T17:00:20.848+07:00  INFO 22704 --- [account-service] [SpringApplicationShutdownHook] o.s.b.w.e.tomcat.GracefulShutdown        : Commencing graceful shutdown. Waiting for active requests to complete
2025-01-15T17:00:20.860+07:00  INFO 22704 --- [account-service] [tomcat-shutdown] o.s.b.w.e.tomcat.GracefulShutdown        : Graceful shutdown complete
