2025-01-17 10:42:43 [main] INFO  o.d.l.LoanServiceApplicationTests - Starting LoanServiceApplicationTests using Java 21.0.5 with PID 26536 (started by PC in D:\java\Springboot\BankAccountManagementSystem\LoanService) MDC:[traceId=, spanId=]
2025-01-17 10:42:43 [main] INFO  o.d.l.LoanServiceApplicationTests - No active profile set, falling back to 1 default profile: "default" MDC:[traceId=, spanId=]
2025-01-17 10:42:44 [main] INFO  o.s.d.r.c.RepositoryConfigurationDelegate - Bootstrapping Spring Data JPA repositories in DEFAULT mode. MDC:[traceId=, spanId=]
2025-01-17 10:42:44 [main] INFO  o.s.d.r.c.RepositoryConfigurationDelegate - Finished Spring Data repository scanning in 246 ms. Found 7 JPA repository interfaces. MDC:[traceId=, spanId=]
2025-01-17 10:42:45 [main] INFO  o.s.i.c.DefaultConfiguringBeanFactoryPostProcessor - No bean named 'errorChannel' has been explicitly defined. Therefore, a default PublishSubscribeChannel will be created. MDC:[traceId=, spanId=]
2025-01-17 10:42:45 [main] INFO  o.s.i.c.DefaultConfiguringBeanFactoryPostProcessor - No bean named 'integrationHeaderChannelRegistry' has been explicitly defined. Therefore, a default DefaultHeaderChannelRegistry will be created. MDC:[traceId=, spanId=]
2025-01-17 10:42:47 [main] INFO  o.s.o.j.p.SpringPersistenceUnitInfo - No LoadTimeWeaver setup: ignoring JPA class transformer MDC:[traceId=, spanId=]
2025-01-17 10:42:47 [main] INFO  com.zaxxer.hikari.HikariDataSource - HikariPool-1 - Starting... MDC:[traceId=, spanId=]
2025-01-17 10:42:47 [main] INFO  com.zaxxer.hikari.pool.HikariPool - HikariPool-1 - Added connection org.postgresql.jdbc.PgConnection@1ef04613 MDC:[traceId=, spanId=]
2025-01-17 10:42:47 [main] INFO  com.zaxxer.hikari.HikariDataSource - HikariPool-1 - Start completed. MDC:[traceId=, spanId=]
2025-01-17 10:42:50 [main] INFO  o.s.o.j.LocalContainerEntityManagerFactoryBean - Initialized JPA EntityManagerFactory for persistence unit 'default' MDC:[traceId=, spanId=]
2025-01-17 10:42:51 [main] WARN  o.s.b.a.o.j.JpaBaseConfiguration$JpaWebConfiguration - spring.jpa.open-in-view is enabled by default. Therefore, database queries may be performed during view rendering. Explicitly configure spring.jpa.open-in-view to disable this warning MDC:[traceId=, spanId=]
2025-01-17 10:42:58 [main] WARN  o.s.c.s.f.FunctionConfiguration$FunctionBindingRegistrar - You have defined function definition that does not exist: cbv MDC:[traceId=, spanId=]
2025-01-17 10:42:58 [main] WARN  o.s.c.s.f.FunctionConfiguration$FunctionBindingRegistrar - The function definition 'cbv' is not valid. The referenced function bean or one of its components does not exist MDC:[traceId=, spanId=]
2025-01-17 10:42:58 [main] INFO  o.s.i.endpoint.EventDrivenConsumer - Adding {logging-channel-adapter:_org.springframework.integration.errorLogger} as a subscriber to the 'errorChannel' channel MDC:[traceId=, spanId=]
2025-01-17 10:42:58 [main] INFO  o.s.i.c.PublishSubscribeChannel - Channel 'LoanService.errorChannel' has 1 subscriber(s). MDC:[traceId=, spanId=]
2025-01-17 10:42:58 [main] INFO  o.s.i.endpoint.EventDrivenConsumer - started bean '_org.springframework.integration.errorLogger' MDC:[traceId=, spanId=]
2025-01-17 10:42:58 [main] INFO  o.d.l.LoanServiceApplicationTests - Started LoanServiceApplicationTests in 15.595 seconds (process running for 18.408) MDC:[traceId=, spanId=]
2025-01-17 10:43:00 [SpringApplicationShutdownHook] INFO  o.s.i.endpoint.EventDrivenConsumer - Removing {logging-channel-adapter:_org.springframework.integration.errorLogger} as a subscriber to the 'errorChannel' channel MDC:[traceId=, spanId=]
2025-01-17 10:43:00 [SpringApplicationShutdownHook] INFO  o.s.i.c.PublishSubscribeChannel - Channel 'LoanService.errorChannel' has 0 subscriber(s). MDC:[traceId=, spanId=]
2025-01-17 10:43:00 [SpringApplicationShutdownHook] INFO  o.s.i.endpoint.EventDrivenConsumer - stopped bean '_org.springframework.integration.errorLogger' MDC:[traceId=, spanId=]
2025-01-17 10:43:00 [SpringApplicationShutdownHook] INFO  o.s.o.j.LocalContainerEntityManagerFactoryBean - Closing JPA EntityManagerFactory for persistence unit 'default' MDC:[traceId=, spanId=]
2025-01-17 10:43:00 [SpringApplicationShutdownHook] INFO  com.zaxxer.hikari.HikariDataSource - HikariPool-1 - Shutdown initiated... MDC:[traceId=, spanId=]
2025-01-17 10:43:00 [SpringApplicationShutdownHook] INFO  com.zaxxer.hikari.HikariDataSource - HikariPool-1 - Shutdown completed. MDC:[traceId=, spanId=]
2025-01-17 13:53:43 [main] INFO  o.d.l.LoanServiceApplicationTests - Starting LoanServiceApplicationTests using Java 17.0.2 with PID 25344 (started by PC in D:\java\Springboot\BankAccountManagementSystem\LoanService) MDC:[traceId=, spanId=]
2025-01-17 13:53:43 [main] INFO  o.d.l.LoanServiceApplicationTests - No active profile set, falling back to 1 default profile: "default" MDC:[traceId=, spanId=]
2025-01-17 13:53:44 [main] INFO  o.s.d.r.c.RepositoryConfigurationDelegate - Multiple Spring Data modules found, entering strict repository configuration mode MDC:[traceId=, spanId=]
2025-01-17 13:53:44 [main] INFO  o.s.d.r.c.RepositoryConfigurationDelegate - Bootstrapping Spring Data JPA repositories in DEFAULT mode. MDC:[traceId=, spanId=]
2025-01-17 13:53:45 [main] INFO  o.s.d.r.c.RepositoryConfigurationDelegate - Finished Spring Data repository scanning in 213 ms. Found 7 JPA repository interfaces. MDC:[traceId=, spanId=]
2025-01-17 13:53:45 [main] INFO  o.s.d.r.c.RepositoryConfigurationDelegate - Multiple Spring Data modules found, entering strict repository configuration mode MDC:[traceId=, spanId=]
2025-01-17 13:53:45 [main] INFO  o.s.d.r.c.RepositoryConfigurationDelegate - Bootstrapping Spring Data Redis repositories in DEFAULT mode. MDC:[traceId=, spanId=]
2025-01-17 13:53:45 [main] INFO  o.s.d.r.c.RepositoryConfigurationExtensionSupport - Spring Data Redis - Could not safely identify store assignment for repository candidate interface org.demo.loanservice.repositories.DeftRepaymentHistoryRepository; If you want this repository to be a Redis repository, consider annotating your entities with one of these annotations: org.springframework.data.redis.core.RedisHash (preferred), or consider extending one of the following types with your repository: org.springframework.data.keyvalue.repository.KeyValueRepository MDC:[traceId=, spanId=]
2025-01-17 13:53:45 [main] INFO  o.s.d.r.c.RepositoryConfigurationExtensionSupport - Spring Data Redis - Could not safely identify store assignment for repository candidate interface org.demo.loanservice.repositories.FormDeftRepaymentRepository; If you want this repository to be a Redis repository, consider annotating your entities with one of these annotations: org.springframework.data.redis.core.RedisHash (preferred), or consider extending one of the following types with your repository: org.springframework.data.keyvalue.repository.KeyValueRepository MDC:[traceId=, spanId=]
2025-01-17 13:53:45 [main] INFO  o.s.d.r.c.RepositoryConfigurationExtensionSupport - Spring Data Redis - Could not safely identify store assignment for repository candidate interface org.demo.loanservice.repositories.InterestRateRepository; If you want this repository to be a Redis repository, consider annotating your entities with one of these annotations: org.springframework.data.redis.core.RedisHash (preferred), or consider extending one of the following types with your repository: org.springframework.data.keyvalue.repository.KeyValueRepository MDC:[traceId=, spanId=]
2025-01-17 13:53:45 [main] INFO  o.s.d.r.c.RepositoryConfigurationExtensionSupport - Spring Data Redis - Could not safely identify store assignment for repository candidate interface org.demo.loanservice.repositories.LoanProductRepository; If you want this repository to be a Redis repository, consider annotating your entities with one of these annotations: org.springframework.data.redis.core.RedisHash (preferred), or consider extending one of the following types with your repository: org.springframework.data.keyvalue.repository.KeyValueRepository MDC:[traceId=, spanId=]
2025-01-17 13:53:45 [main] INFO  o.s.d.r.c.RepositoryConfigurationExtensionSupport - Spring Data Redis - Could not safely identify store assignment for repository candidate interface org.demo.loanservice.repositories.MortgagedAssetsRepository; If you want this repository to be a Redis repository, consider annotating your entities with one of these annotations: org.springframework.data.redis.core.RedisHash (preferred), or consider extending one of the following types with your repository: org.springframework.data.keyvalue.repository.KeyValueRepository MDC:[traceId=, spanId=]
2025-01-17 13:53:45 [main] INFO  o.s.d.r.c.RepositoryConfigurationExtensionSupport - Spring Data Redis - Could not safely identify store assignment for repository candidate interface org.demo.loanservice.repositories.UnsecuredAssetsRepository; If you want this repository to be a Redis repository, consider annotating your entities with one of these annotations: org.springframework.data.redis.core.RedisHash (preferred), or consider extending one of the following types with your repository: org.springframework.data.keyvalue.repository.KeyValueRepository MDC:[traceId=, spanId=]
2025-01-17 13:53:45 [main] INFO  o.s.d.r.c.RepositoryConfigurationExtensionSupport - Spring Data Redis - Could not safely identify store assignment for repository candidate interface org.demo.loanservice.repositories.UserLoanInfoRepository; If you want this repository to be a Redis repository, consider annotating your entities with one of these annotations: org.springframework.data.redis.core.RedisHash (preferred), or consider extending one of the following types with your repository: org.springframework.data.keyvalue.repository.KeyValueRepository MDC:[traceId=, spanId=]
2025-01-17 13:53:45 [main] INFO  o.s.d.r.c.RepositoryConfigurationDelegate - Finished Spring Data repository scanning in 18 ms. Found 0 Redis repository interfaces. MDC:[traceId=, spanId=]
2025-01-17 13:53:45 [main] INFO  o.s.i.c.DefaultConfiguringBeanFactoryPostProcessor - No bean named 'errorChannel' has been explicitly defined. Therefore, a default PublishSubscribeChannel will be created. MDC:[traceId=, spanId=]
2025-01-17 13:53:45 [main] INFO  o.s.i.c.DefaultConfiguringBeanFactoryPostProcessor - No bean named 'integrationHeaderChannelRegistry' has been explicitly defined. Therefore, a default DefaultHeaderChannelRegistry will be created. MDC:[traceId=, spanId=]
2025-01-17 13:53:47 [main] INFO  o.s.o.j.p.SpringPersistenceUnitInfo - No LoadTimeWeaver setup: ignoring JPA class transformer MDC:[traceId=, spanId=]
2025-01-17 13:53:47 [main] INFO  com.zaxxer.hikari.HikariDataSource - HikariPool-1 - Starting... MDC:[traceId=, spanId=]
2025-01-17 13:53:47 [main] INFO  com.zaxxer.hikari.pool.HikariPool - HikariPool-1 - Added connection org.postgresql.jdbc.PgConnection@574327ed MDC:[traceId=, spanId=]
2025-01-17 13:53:47 [main] INFO  com.zaxxer.hikari.HikariDataSource - HikariPool-1 - Start completed. MDC:[traceId=, spanId=]
2025-01-17 13:53:49 [main] INFO  o.s.o.j.LocalContainerEntityManagerFactoryBean - Initialized JPA EntityManagerFactory for persistence unit 'default' MDC:[traceId=, spanId=]
2025-01-17 13:53:50 [main] INFO  org.eclipse.jetty.server.Server - jetty-12.0.16; built: 2024-12-09T21:02:54.535Z; git: c3f88bafb4e393f23204dc14dc57b042e84debc7; jvm 17.0.2+8-LTS-86 MDC:[traceId=, spanId=]
2025-01-17 13:53:50 [main] INFO  o.e.j.server.handler.ContextHandler - Started oeje10s.ServletContextHandler@1bbebf8e{/__admin,/__admin,b=null,a=AVAILABLE,h=oeje10s.ServletHandler@4285b1bd{STARTED}} MDC:[traceId=, spanId=]
2025-01-17 13:53:50 [main] WARN  o.e.jetty.util.DeprecationWarning - Using @Deprecated Class org.eclipse.jetty.ee10.servlets.CrossOriginFilter MDC:[traceId=, spanId=]
2025-01-17 13:53:50 [main] INFO  o.e.j.e.s.ServletContextHandler - Started oeje10s.ServletContextHandler@1bbebf8e{/__admin,/__admin,b=null,a=AVAILABLE,h=oeje10s.ServletHandler@4285b1bd{STARTED}} MDC:[traceId=, spanId=]
2025-01-17 13:53:50 [main] INFO  o.e.j.server.handler.ContextHandler - Started oeje10s.ServletContextHandler@300cdf3f{ROOT,/,b=null,a=AVAILABLE,h=oeje10s.ServletHandler@2b75b77d{STARTED}} MDC:[traceId=, spanId=]
2025-01-17 13:53:50 [main] INFO  o.e.j.s.handler.ContextHandler.ROOT - RequestHandlerClass from context returned com.github.tomakehurst.wiremock.http.StubRequestHandler. Normalized mapped under returned 'null' MDC:[traceId=, spanId=]
2025-01-17 13:53:50 [main] INFO  o.e.j.e.s.ServletContextHandler - Started oeje10s.ServletContextHandler@300cdf3f{ROOT,/,b=null,a=AVAILABLE,h=oeje10s.ServletHandler@2b75b77d{STARTED}} MDC:[traceId=, spanId=]
2025-01-17 13:53:50 [main] INFO  o.e.jetty.server.AbstractConnector - Started NetworkTrafficServerConnector@2954be42{HTTP/1.1, (http/1.1, h2c)}{0.0.0.0:8080} MDC:[traceId=, spanId=]
2025-01-17 13:53:50 [main] INFO  org.eclipse.jetty.server.Server - Started oejs.Server@6d921d6b{STARTING}[12.0.16,sto=1000] @8770ms MDC:[traceId=, spanId=]
2025-01-17 13:53:50 [main] WARN  o.s.b.a.o.j.JpaBaseConfiguration$JpaWebConfiguration - spring.jpa.open-in-view is enabled by default. Therefore, database queries may be performed during view rendering. Explicitly configure spring.jpa.open-in-view to disable this warning MDC:[traceId=, spanId=]
2025-01-17 13:53:51 [main] WARN  o.s.c.s.f.FunctionConfiguration$FunctionBindingRegistrar - You have defined function definition that does not exist: cbv MDC:[traceId=, spanId=]
2025-01-17 13:53:51 [main] WARN  o.s.c.s.f.FunctionConfiguration$FunctionBindingRegistrar - The function definition 'cbv' is not valid. The referenced function bean or one of its components does not exist MDC:[traceId=, spanId=]
2025-01-17 13:53:52 [main] INFO  o.s.i.endpoint.EventDrivenConsumer - Adding {logging-channel-adapter:_org.springframework.integration.errorLogger} as a subscriber to the 'errorChannel' channel MDC:[traceId=, spanId=]
2025-01-17 13:53:52 [main] INFO  o.s.i.c.PublishSubscribeChannel - Channel 'LoanService.errorChannel' has 1 subscriber(s). MDC:[traceId=, spanId=]
2025-01-17 13:53:52 [main] INFO  o.s.i.endpoint.EventDrivenConsumer - started bean '_org.springframework.integration.errorLogger' MDC:[traceId=, spanId=]
2025-01-17 13:53:52 [main] INFO  o.d.l.LoanServiceApplicationTests - Started LoanServiceApplicationTests in 9.096 seconds (process running for 10.209) MDC:[traceId=, spanId=]
2025-01-17 13:53:52 [SpringApplicationShutdownHook] INFO  o.s.i.endpoint.EventDrivenConsumer - Removing {logging-channel-adapter:_org.springframework.integration.errorLogger} as a subscriber to the 'errorChannel' channel MDC:[traceId=, spanId=]
2025-01-17 13:53:52 [SpringApplicationShutdownHook] INFO  o.s.i.c.PublishSubscribeChannel - Channel 'LoanService.errorChannel' has 0 subscriber(s). MDC:[traceId=, spanId=]
2025-01-17 13:53:52 [SpringApplicationShutdownHook] INFO  o.s.i.endpoint.EventDrivenConsumer - stopped bean '_org.springframework.integration.errorLogger' MDC:[traceId=, spanId=]
2025-01-17 13:53:52 [SpringApplicationShutdownHook] INFO  o.s.o.j.LocalContainerEntityManagerFactoryBean - Closing JPA EntityManagerFactory for persistence unit 'default' MDC:[traceId=, spanId=]
2025-01-17 13:53:52 [SpringApplicationShutdownHook] INFO  com.zaxxer.hikari.HikariDataSource - HikariPool-1 - Shutdown initiated... MDC:[traceId=, spanId=]
2025-01-17 13:53:52 [SpringApplicationShutdownHook] INFO  com.zaxxer.hikari.HikariDataSource - HikariPool-1 - Shutdown completed. MDC:[traceId=, spanId=]
